1711675762.871076 client started (12126): version 3.4, socket /private/tmp/tmux-501/default, protocol 8
1711675762.871119 on Darwin 23.4.0 Darwin Kernel Version 23.4.0: Fri Mar 15 00:12:25 PDT 2024; root:xnu-10063.101.17~1/RELEASE_ARM64_T6030
1711675762.871133 using libevent 2.1.12-stable select
1711675762.871145 using utf8proc 2.9.0
1711675762.871151 using ncurses 6.4 20221231
1711675762.871181 flags are 0x18010000
1711675762.871188 socket is /private/tmp/tmux-501/default
1711675762.871197 trying connect
1711675762.871271 add peer 0x7fc780008000: 6 (0x0)
1711675762.872681 sending message 100 to peer 0x7fc780008000 (4 bytes)
1711675762.872693 sending message 111 to peer 0x7fc780008000 (8 bytes)
1711675762.872698 sending message 101 to peer 0x7fc780008000 (15 bytes)
1711675762.872703 sending message 109 to peer 0x7fc780008000 (4 bytes)
1711675762.872708 sending message 102 to peer 0x7fc780008000 (13 bytes)
1711675762.872713 sending message 108 to peer 0x7fc780008000 (40 bytes)
1711675762.872717 sending message 112 to peer 0x7fc780008000 (58 bytes)
1711675762.872721 sending message 112 to peer 0x7fc780008000 (5 bytes)
1711675762.872726 sending message 112 to peer 0x7fc780008000 (5 bytes)
1711675762.872730 sending message 112 to peer 0x7fc780008000 (6 bytes)
1711675762.872734 sending message 112 to peer 0x7fc780008000 (6 bytes)
1711675762.872738 sending message 112 to peer 0x7fc780008000 (11 bytes)
1711675762.872742 sending message 112 to peer 0x7fc780008000 (10 bytes)
1711675762.872747 sending message 112 to peer 0x7fc780008000 (13 bytes)
1711675762.872751 sending message 112 to peer 0x7fc780008000 (14 bytes)
1711675762.872755 sending message 112 to peer 0x7fc780008000 (19 bytes)
1711675762.872759 sending message 112 to peer 0x7fc780008000 (11 bytes)
1711675762.872763 sending message 112 to peer 0x7fc780008000 (10 bytes)
1711675762.872767 sending message 112 to peer 0x7fc780008000 (15 bytes)
1711675762.872772 sending message 112 to peer 0x7fc780008000 (21 bytes)
1711675762.872776 sending message 112 to peer 0x7fc780008000 (13 bytes)
1711675762.872780 sending message 112 to peer 0x7fc780008000 (7 bytes)
1711675762.872784 sending message 112 to peer 0x7fc780008000 (13 bytes)
1711675762.872788 sending message 112 to peer 0x7fc780008000 (7 bytes)
1711675762.872792 sending message 112 to peer 0x7fc780008000 (13 bytes)
1711675762.872797 sending message 112 to peer 0x7fc780008000 (9 bytes)
1711675762.872801 sending message 112 to peer 0x7fc780008000 (21 bytes)
1711675762.872805 sending message 112 to peer 0x7fc780008000 (13 bytes)
1711675762.872809 sending message 112 to peer 0x7fc780008000 (9 bytes)
1711675762.872813 sending message 112 to peer 0x7fc780008000 (16 bytes)
1711675762.872817 sending message 112 to peer 0x7fc780008000 (13 bytes)
1711675762.872821 sending message 112 to peer 0x7fc780008000 (9 bytes)
1711675762.872826 sending message 112 to peer 0x7fc780008000 (9 bytes)
1711675762.872830 sending message 112 to peer 0x7fc780008000 (12 bytes)
1711675762.872834 sending message 112 to peer 0x7fc780008000 (8 bytes)
1711675762.872838 sending message 112 to peer 0x7fc780008000 (8 bytes)
1711675762.872842 sending message 112 to peer 0x7fc780008000 (13 bytes)
1711675762.872846 sending message 112 to peer 0x7fc780008000 (7 bytes)
1711675762.872851 sending message 112 to peer 0x7fc780008000 (7 bytes)
1711675762.872855 sending message 112 to peer 0x7fc780008000 (9 bytes)
1711675762.872859 sending message 112 to peer 0x7fc780008000 (9 bytes)
1711675762.872863 sending message 112 to peer 0x7fc780008000 (15 bytes)
1711675762.872867 sending message 112 to peer 0x7fc780008000 (13 bytes)
1711675762.872871 sending message 112 to peer 0x7fc780008000 (12 bytes)
1711675762.872875 sending message 112 to peer 0x7fc780008000 (8 bytes)
1711675762.872880 sending message 112 to peer 0x7fc780008000 (14 bytes)
1711675762.872884 sending message 112 to peer 0x7fc780008000 (11 bytes)
1711675762.872888 sending message 112 to peer 0x7fc780008000 (9 bytes)
1711675762.872892 sending message 112 to peer 0x7fc780008000 (10 bytes)
1711675762.872896 sending message 112 to peer 0x7fc780008000 (10 bytes)
1711675762.872910 sending message 112 to peer 0x7fc780008000 (10 bytes)
1711675762.872914 sending message 112 to peer 0x7fc780008000 (10 bytes)
1711675762.872917 sending message 112 to peer 0x7fc780008000 (11 bytes)
1711675762.872920 sending message 112 to peer 0x7fc780008000 (12 bytes)
1711675762.872923 sending message 112 to peer 0x7fc780008000 (12 bytes)
1711675762.872926 sending message 112 to peer 0x7fc780008000 (12 bytes)
1711675762.872929 sending message 112 to peer 0x7fc780008000 (12 bytes)
1711675762.872933 sending message 112 to peer 0x7fc780008000 (12 bytes)
1711675762.872936 sending message 112 to peer 0x7fc780008000 (11 bytes)
1711675762.872939 sending message 112 to peer 0x7fc780008000 (11 bytes)
1711675762.872942 sending message 112 to peer 0x7fc780008000 (12 bytes)
1711675762.872945 sending message 112 to peer 0x7fc780008000 (12 bytes)
1711675762.872948 sending message 112 to peer 0x7fc780008000 (12 bytes)
1711675762.872951 sending message 112 to peer 0x7fc780008000 (12 bytes)
1711675762.872954 sending message 112 to peer 0x7fc780008000 (12 bytes)
1711675762.872957 sending message 112 to peer 0x7fc780008000 (9 bytes)
1711675762.872960 sending message 112 to peer 0x7fc780008000 (12 bytes)
1711675762.872962 sending message 112 to peer 0x7fc780008000 (13 bytes)
1711675762.872965 sending message 112 to peer 0x7fc780008000 (13 bytes)
1711675762.872968 sending message 112 to peer 0x7fc780008000 (13 bytes)
1711675762.872971 sending message 112 to peer 0x7fc780008000 (13 bytes)
1711675762.872974 sending message 112 to peer 0x7fc780008000 (13 bytes)
1711675762.872977 sending message 112 to peer 0x7fc780008000 (8 bytes)
1711675762.872980 sending message 112 to peer 0x7fc780008000 (11 bytes)
1711675762.872983 sending message 112 to peer 0x7fc780008000 (11 bytes)
1711675762.872986 sending message 112 to peer 0x7fc780008000 (11 bytes)
1711675762.872989 sending message 112 to peer 0x7fc780008000 (12 bytes)
1711675762.872992 sending message 112 to peer 0x7fc780008000 (12 bytes)
1711675762.872994 sending message 112 to peer 0x7fc780008000 (12 bytes)
1711675762.872997 sending message 112 to peer 0x7fc780008000 (12 bytes)
1711675762.873000 sending message 112 to peer 0x7fc780008000 (13 bytes)
1711675762.873003 sending message 112 to peer 0x7fc780008000 (13 bytes)
1711675762.873006 sending message 112 to peer 0x7fc780008000 (13 bytes)
1711675762.873009 sending message 112 to peer 0x7fc780008000 (8 bytes)
1711675762.873012 sending message 112 to peer 0x7fc780008000 (13 bytes)
1711675762.873015 sending message 112 to peer 0x7fc780008000 (13 bytes)
1711675762.873018 sending message 112 to peer 0x7fc780008000 (13 bytes)
1711675762.873021 sending message 112 to peer 0x7fc780008000 (13 bytes)
1711675762.873024 sending message 112 to peer 0x7fc780008000 (13 bytes)
1711675762.873027 sending message 112 to peer 0x7fc780008000 (12 bytes)
1711675762.873030 sending message 112 to peer 0x7fc780008000 (12 bytes)
1711675762.873033 sending message 112 to peer 0x7fc780008000 (12 bytes)
1711675762.873035 sending message 112 to peer 0x7fc780008000 (12 bytes)
1711675762.873038 sending message 112 to peer 0x7fc780008000 (13 bytes)
1711675762.873041 sending message 112 to peer 0x7fc780008000 (8 bytes)
1711675762.873044 sending message 112 to peer 0x7fc780008000 (13 bytes)
1711675762.873047 sending message 112 to peer 0x7fc780008000 (13 bytes)
1711675762.873050 sending message 112 to peer 0x7fc780008000 (13 bytes)
1711675762.873053 sending message 112 to peer 0x7fc780008000 (13 bytes)
1711675762.873056 sending message 112 to peer 0x7fc780008000 (13 bytes)
1711675762.873059 sending message 112 to peer 0x7fc780008000 (13 bytes)
1711675762.873062 sending message 112 to peer 0x7fc780008000 (13 bytes)
1711675762.873065 sending message 112 to peer 0x7fc780008000 (12 bytes)
1711675762.873068 sending message 112 to peer 0x7fc780008000 (12 bytes)
1711675762.873070 sending message 112 to peer 0x7fc780008000 (12 bytes)
1711675762.873073 sending message 112 to peer 0x7fc780008000 (8 bytes)
1711675762.873076 sending message 112 to peer 0x7fc780008000 (12 bytes)
1711675762.873086 sending message 112 to peer 0x7fc780008000 (13 bytes)
1711675762.873089 sending message 112 to peer 0x7fc780008000 (13 bytes)
1711675762.873092 sending message 112 to peer 0x7fc780008000 (13 bytes)
1711675762.873095 sending message 112 to peer 0x7fc780008000 (13 bytes)
1711675762.873097 sending message 112 to peer 0x7fc780008000 (13 bytes)
1711675762.873100 sending message 112 to peer 0x7fc780008000 (13 bytes)
1711675762.873103 sending message 112 to peer 0x7fc780008000 (13 bytes)
1711675762.873106 sending message 112 to peer 0x7fc780008000 (13 bytes)
1711675762.873109 sending message 112 to peer 0x7fc780008000 (12 bytes)
1711675762.873112 sending message 112 to peer 0x7fc780008000 (10 bytes)
1711675762.873115 sending message 112 to peer 0x7fc780008000 (12 bytes)
1711675762.873118 sending message 112 to peer 0x7fc780008000 (12 bytes)
1711675762.873121 sending message 112 to peer 0x7fc780008000 (12 bytes)
1711675762.873124 sending message 112 to peer 0x7fc780008000 (13 bytes)
1711675762.873128 sending message 112 to peer 0x7fc780008000 (13 bytes)
1711675762.873131 sending message 112 to peer 0x7fc780008000 (13 bytes)
1711675762.873134 sending message 112 to peer 0x7fc780008000 (13 bytes)
1711675762.873137 sending message 112 to peer 0x7fc780008000 (13 bytes)
1711675762.873140 sending message 112 to peer 0x7fc780008000 (13 bytes)
1711675762.873143 sending message 112 to peer 0x7fc780008000 (13 bytes)
1711675762.873146 sending message 112 to peer 0x7fc780008000 (10 bytes)
1711675762.873149 sending message 112 to peer 0x7fc780008000 (13 bytes)
1711675762.873153 sending message 112 to peer 0x7fc780008000 (12 bytes)
1711675762.873156 sending message 112 to peer 0x7fc780008000 (12 bytes)
1711675762.873159 sending message 112 to peer 0x7fc780008000 (12 bytes)
1711675762.873162 sending message 112 to peer 0x7fc780008000 (10 bytes)
1711675762.873165 sending message 112 to peer 0x7fc780008000 (10 bytes)
1711675762.873168 sending message 112 to peer 0x7fc780008000 (10 bytes)
1711675762.873171 sending message 112 to peer 0x7fc780008000 (12 bytes)
1711675762.873174 sending message 112 to peer 0x7fc780008000 (13 bytes)
1711675762.873177 sending message 112 to peer 0x7fc780008000 (13 bytes)
1711675762.873179 sending message 112 to peer 0x7fc780008000 (13 bytes)
1711675762.873182 sending message 112 to peer 0x7fc780008000 (13 bytes)
1711675762.873185 sending message 112 to peer 0x7fc780008000 (13 bytes)
1711675762.873188 sending message 112 to peer 0x7fc780008000 (10 bytes)
1711675762.873191 sending message 112 to peer 0x7fc780008000 (11 bytes)
1711675762.873194 sending message 112 to peer 0x7fc780008000 (12 bytes)
1711675762.873197 sending message 112 to peer 0x7fc780008000 (12 bytes)
1711675762.873200 sending message 112 to peer 0x7fc780008000 (12 bytes)
1711675762.873202 sending message 112 to peer 0x7fc780008000 (12 bytes)
1711675762.873205 sending message 112 to peer 0x7fc780008000 (12 bytes)
1711675762.873208 sending message 112 to peer 0x7fc780008000 (11 bytes)
1711675762.873211 sending message 112 to peer 0x7fc780008000 (12 bytes)
1711675762.873214 sending message 112 to peer 0x7fc780008000 (12 bytes)
1711675762.873217 sending message 112 to peer 0x7fc780008000 (13 bytes)
1711675762.873220 sending message 112 to peer 0x7fc780008000 (13 bytes)
1711675762.873223 sending message 112 to peer 0x7fc780008000 (13 bytes)
1711675762.873226 sending message 112 to peer 0x7fc780008000 (13 bytes)
1711675762.873228 sending message 112 to peer 0x7fc780008000 (13 bytes)
1711675762.873231 sending message 112 to peer 0x7fc780008000 (10 bytes)
1711675762.873234 sending message 112 to peer 0x7fc780008000 (9 bytes)
1711675762.873237 sending message 112 to peer 0x7fc780008000 (12 bytes)
1711675762.873240 sending message 112 to peer 0x7fc780008000 (13 bytes)
1711675762.873243 sending message 112 to peer 0x7fc780008000 (13 bytes)
1711675762.873246 sending message 112 to peer 0x7fc780008000 (13 bytes)
1711675762.873249 sending message 112 to peer 0x7fc780008000 (13 bytes)
1711675762.873251 sending message 112 to peer 0x7fc780008000 (13 bytes)
1711675762.873259 sending message 112 to peer 0x7fc780008000 (9 bytes)
1711675762.873262 sending message 112 to peer 0x7fc780008000 (12 bytes)
1711675762.873265 sending message 112 to peer 0x7fc780008000 (13 bytes)
1711675762.873268 sending message 112 to peer 0x7fc780008000 (13 bytes)
1711675762.873271 sending message 112 to peer 0x7fc780008000 (13 bytes)
1711675762.873274 sending message 112 to peer 0x7fc780008000 (13 bytes)
1711675762.873277 sending message 112 to peer 0x7fc780008000 (13 bytes)
1711675762.873280 sending message 112 to peer 0x7fc780008000 (11 bytes)
1711675762.873282 sending message 112 to peer 0x7fc780008000 (12 bytes)
1711675762.873285 sending message 112 to peer 0x7fc780008000 (13 bytes)
1711675762.873288 sending message 112 to peer 0x7fc780008000 (13 bytes)
1711675762.873291 sending message 112 to peer 0x7fc780008000 (13 bytes)
1711675762.873294 sending message 112 to peer 0x7fc780008000 (13 bytes)
1711675762.873297 sending message 112 to peer 0x7fc780008000 (13 bytes)
1711675762.873300 sending message 112 to peer 0x7fc780008000 (11 bytes)
1711675762.873303 sending message 112 to peer 0x7fc780008000 (12 bytes)
1711675762.873306 sending message 112 to peer 0x7fc780008000 (12 bytes)
1711675762.873309 sending message 112 to peer 0x7fc780008000 (12 bytes)
1711675762.873311 sending message 112 to peer 0x7fc780008000 (12 bytes)
1711675762.873314 sending message 112 to peer 0x7fc780008000 (12 bytes)
1711675762.873317 sending message 112 to peer 0x7fc780008000 (21 bytes)
1711675762.873321 sending message 112 to peer 0x7fc780008000 (12 bytes)
1711675762.873325 sending message 112 to peer 0x7fc780008000 (9 bytes)
1711675762.873327 sending message 112 to peer 0x7fc780008000 (6 bytes)
1711675762.873330 sending message 112 to peer 0x7fc780008000 (13 bytes)
1711675762.873333 sending message 112 to peer 0x7fc780008000 (10 bytes)
1711675762.873336 sending message 112 to peer 0x7fc780008000 (24 bytes)
1711675762.873339 sending message 112 to peer 0x7fc780008000 (13 bytes)
1711675762.873342 sending message 112 to peer 0x7fc780008000 (9 bytes)
1711675762.873345 sending message 112 to peer 0x7fc780008000 (70 bytes)
1711675762.873348 sending message 112 to peer 0x7fc780008000 (69 bytes)
1711675762.873351 sending message 112 to peer 0x7fc780008000 (12 bytes)
1711675762.873354 sending message 112 to peer 0x7fc780008000 (10 bytes)
1711675762.873357 sending message 112 to peer 0x7fc780008000 (10 bytes)
1711675762.873360 sending message 112 to peer 0x7fc780008000 (24 bytes)
1711675762.873363 sending message 112 to peer 0x7fc780008000 (13 bytes)
1711675762.873366 sending message 112 to peer 0x7fc780008000 (10 bytes)
1711675762.873369 sending message 112 to peer 0x7fc780008000 (10 bytes)
1711675762.873372 sending message 112 to peer 0x7fc780008000 (10 bytes)
1711675762.873375 sending message 112 to peer 0x7fc780008000 (13 bytes)
1711675762.873377 sending message 112 to peer 0x7fc780008000 (15 bytes)
1711675762.873380 sending message 112 to peer 0x7fc780008000 (5 bytes)
1711675762.873385 sending message 104 to peer 0x7fc780008000 (0 bytes)
1711675762.873388 sending message 110 to peer 0x7fc780008000 (0 bytes)
1711675762.873391 sending message 107 to peer 0x7fc780008000 (4 bytes)
1711675762.873394 sending message 105 to peer 0x7fc780008000 (60 bytes)
1711675762.873398 sending message 105 to peer 0x7fc780008000 (66 bytes)
1711675762.873401 sending message 105 to peer 0x7fc780008000 (27 bytes)
1711675762.873404 sending message 105 to peer 0x7fc780008000 (15 bytes)
1711675762.873407 sending message 105 to peer 0x7fc780008000 (22 bytes)
1711675762.873410 sending message 105 to peer 0x7fc780008000 (14 bytes)
1711675762.873413 sending message 105 to peer 0x7fc780008000 (17 bytes)
1711675762.873416 sending message 105 to peer 0x7fc780008000 (44 bytes)
1711675762.873419 sending message 105 to peer 0x7fc780008000 (15 bytes)
1711675762.873422 sending message 105 to peer 0x7fc780008000 (43 bytes)
1711675762.873425 sending message 105 to peer 0x7fc780008000 (28 bytes)
1711675762.873428 sending message 105 to peer 0x7fc780008000 (23 bytes)
1711675762.873440 sending message 105 to peer 0x7fc780008000 (963 bytes)
1711675762.873444 sending message 105 to peer 0x7fc780008000 (19 bytes)
1711675762.873447 sending message 105 to peer 0x7fc780008000 (20 bytes)
1711675762.873450 sending message 105 to peer 0x7fc780008000 (22 bytes)
1711675762.873453 sending message 105 to peer 0x7fc780008000 (20 bytes)
1711675762.873455 sending message 105 to peer 0x7fc780008000 (26 bytes)
1711675762.873458 sending message 105 to peer 0x7fc780008000 (57 bytes)
1711675762.873461 sending message 105 to peer 0x7fc780008000 (19 bytes)
1711675762.873464 sending message 105 to peer 0x7fc780008000 (19 bytes)
1711675762.873467 sending message 105 to peer 0x7fc780008000 (22 bytes)
1711675762.873470 sending message 105 to peer 0x7fc780008000 (61 bytes)
1711675762.873473 sending message 105 to peer 0x7fc780008000 (32 bytes)
1711675762.873476 sending message 105 to peer 0x7fc780008000 (8 bytes)
1711675762.873479 sending message 105 to peer 0x7fc780008000 (28 bytes)
1711675762.873482 sending message 105 to peer 0x7fc780008000 (33 bytes)
1711675762.873485 sending message 105 to peer 0x7fc780008000 (36 bytes)
1711675762.873488 sending message 105 to peer 0x7fc780008000 (12 bytes)
1711675762.873491 sending message 105 to peer 0x7fc780008000 (11 bytes)
1711675762.873493 sending message 105 to peer 0x7fc780008000 (8 bytes)
1711675762.873496 sending message 105 to peer 0x7fc780008000 (32 bytes)
1711675762.873499 sending message 105 to peer 0x7fc780008000 (10 bytes)
1711675762.873502 sending message 105 to peer 0x7fc780008000 (26 bytes)
1711675762.873505 sending message 105 to peer 0x7fc780008000 (54 bytes)
1711675762.873508 sending message 105 to peer 0x7fc780008000 (78 bytes)
1711675762.873516 sending message 105 to peer 0x7fc780008000 (19 bytes)
1711675762.873519 sending message 105 to peer 0x7fc780008000 (42 bytes)
1711675762.873522 sending message 105 to peer 0x7fc780008000 (15 bytes)
1711675762.873525 sending message 105 to peer 0x7fc780008000 (44 bytes)
1711675762.873528 sending message 105 to peer 0x7fc780008000 (38 bytes)
1711675762.873531 sending message 105 to peer 0x7fc780008000 (15 bytes)
1711675762.873534 sending message 105 to peer 0x7fc780008000 (847 bytes)
1711675762.873537 sending message 105 to peer 0x7fc780008000 (87 bytes)
1711675762.873540 sending message 105 to peer 0x7fc780008000 (196 bytes)
1711675762.873543 sending message 105 to peer 0x7fc780008000 (226 bytes)
1711675762.873546 sending message 105 to peer 0x7fc780008000 (12 bytes)
1711675762.873549 sending message 105 to peer 0x7fc780008000 (22 bytes)
1711675762.873552 sending message 105 to peer 0x7fc780008000 (3 bytes)
1711675762.873555 sending message 105 to peer 0x7fc780008000 (22 bytes)
1711675762.873558 sending message 106 to peer 0x7fc780008000 (0 bytes)
1711675762.873614 sending message 200 to peer 0x7fc780008000 (4 bytes)
1711675762.873618 client loop enter
1711675762.890403 peer 0x7fc780008000 message 207
1711675762.890457 sending message 208 to peer 0x7fc780008000 (0 bytes)
1711675765.730318 peer 0x7fc780008000 message 201
1711675765.730611 sending message 205 to peer 0x7fc780008000 (0 bytes)
1711675765.733500 peer 0x7fc780008000 message 204
1711675765.733683 client loop exit
